<?xml version="1.0" encoding="utf-8"?><testsuites name="pytest tests"><testsuite name="pytest" errors="0" failures="0" skipped="0" tests="7" time="9.262" timestamp="2026-07-07T16:21:00.067137+00:00" hostname="agent-env-3876f3c9-4d8e-45f0-bf96-369235b2695f"><testcase classname="tests.backend_test.TestQuizSubmit" name="test_quiz_submit_partial" time="0.205" /><testcase classname="tests.backend_test.TestProgress" name="test_get_progress_default" time="0.205" /><testcase classname="tests.backend_test.TestProgress" name="test_update_progress_accumulates" time="0.479" /><testcase classname="tests.backend_test.TestQuizSubmit" name="test_quiz_submit_perfect_awards_achievement" time="0.273" /><testcase classname="tests.backend_test.TestLeaderboard" name="test_leaderboard_sorted" time="0.323" /><testcase classname="tests.backend_test.TestRoot" name="test_root_online" time="0.142" /><testcase classname="tests.backend_test.TestTutor" name="test_tutor_stream_and_history" time="7.663" /></testsuite></testsuites>